<?xml version="1.0" encoding="UTF-8"?>
<!-- Generated by org.testng.reporters.JUnitReportReporter -->
<testsuite hostname="Vikkram" failures="0" tests="1" name="com.qa.testscript.TC_001_MercuryloginPage" time="6.765" errors="0" timestamp="2021-11-16T12:03:18 IST" skipped="0">
  <testcase classname="com.qa.testscript.TC_001_MercuryloginPage" name="Login" time="6.765"/>
  <system-out>
    <![CDATA[Login is successful]]>
  </system-out>
</testsuite> <!-- com.qa.testscript.TC_001_MercuryloginPage -->
